#
# There is insufficient memory for the Java Runtime Environment to continue.
# Native memory allocation (malloc) failed to allocate 8047120 bytes. Error detail: Chunk::new
# Possible reasons:
#   The system is out of physical RAM or swap space
#   This process is running with CompressedOops enabled, and the Java Heap may be blocking the growth of the native heap
# Possible solutions:
#   Reduce memory load on the system
#   Increase physical memory or swap space
#   Check if swap backing store is full
#   Decrease Java heap size (-Xmx/-Xms)
#   Decrease number of Java threads
#   Decrease Java thread stack sizes (-Xss)
#   Set larger code cache with -XX:ReservedCodeCacheSize=
#   JVM is running with Unscaled Compressed Oops mode in which the Java heap is
#     placed in the first 4GB address space. The Java Heap base address is the
#     maximum limit for the native heap growth. Please use -XX:HeapBaseMinAddress
#     to set the Java Heap base and to place the Java Heap above 4GB virtual address.
# This output file may be truncated or incomplete.
#
#  Out of Memory Error (arena.cpp:162), pid=2656, tid=3336
#
# JRE version: Java(TM) SE Runtime Environment (24.0.2+12) (build 24.0.2+12-54)
# Java VM: Java HotSpot(TM) 64-Bit Server VM (24.0.2+12-54, mixed mode, sharing, tiered, compressed oops, compressed class ptrs, g1 gc, windows-amd64)
# No core dump will be written. Minidumps are not enabled by default on client versions of Windows
#

---------------  S U M M A R Y ------------

Command Line: --enable-native-access=ALL-UNNAMED -Dclassworlds.conf=C:\Users\user\.m2\wrapper\dists\apache-maven-3.9.11\03d7e36a140982eea48e22c1dcac01d8862b2550b2939e09a0809bbc5182a5bc\bin\m2.conf -Dmaven.home=C:\Users\user\.m2\wrapper\dists\apache-maven-3.9.11\03d7e36a140982eea48e22c1dcac01d8862b2550b2939e09a0809bbc5182a5bc -Dlibrary.jansi.path=C:\Users\user\.m2\wrapper\dists\apache-maven-3.9.11\03d7e36a140982eea48e22c1dcac01d8862b2550b2939e09a0809bbc5182a5bc\lib\jansi-native -Dmaven.multiModuleProjectDirectory=C:\Users\user\Documents\BookingApp org.codehaus.plexus.classworlds.launcher.Launcher spring-boot:run

Host: 13th Gen Intel(R) Core(TM) i7-13700H, 20 cores, 7G,  Windows 11 , 64 bit Build 26100 (10.0.26100.8328)
Time: Thu May 28 21:41:47 2026 South Africa Standard Time elapsed time: 3.796464 seconds (0d 0h 0m 3s)

---------------  T H R E A D  ---------------

Current thread (0x0000023d7cb4cf00):  JavaThread "C2 CompilerThread0" daemon [_thread_in_native, id=3336, stack(0x000000e1a1c00000,0x000000e1a1d00000) (1024K)]


Current CompileTask:
C2:3796 3104   !   4       java.net.URL::<init> (523 bytes)

Stack: [0x000000e1a1c00000,0x000000e1a1d00000]
Native frames: (J=compiled Java code, j=interpreted, Vv=VM code, C=native code)
V  [jvm.dll+0x730829]  (no source info available)
V  [jvm.dll+0x8d9da3]  (no source info available)
V  [jvm.dll+0x8dc28d]  (no source info available)
V  [jvm.dll+0x8dc903]  (no source info available)
V  [jvm.dll+0x2a9f56]  (no source info available)
V  [jvm.dll+0xced7f]  (no source info available)
V  [jvm.dll+0xcefdf]  (no source info available)
V  [jvm.dll+0x154c83]  (no source info available)
V  [jvm.dll+0x73604f]  (no source info available)
V  [jvm.dll+0x26f8dc]  (no source info available)
V  [jvm.dll+0x26e8ff]  (no source info available)
V  [jvm.dll+0x1e9c90]  (no source info available)
V  [jvm.dll+0x27e0cb]  (no source info available)
V  [jvm.dll+0x27c36a]  (no source info available)
V  [jvm.dll+0x42f396]  (no source info available)
V  [jvm.dll+0x87d9eb]  (no source info available)
V  [jvm.dll+0x72ef45]  (no source info available)
C  [ucrtbase.dll+0x37b0]  (no source info available)
C  [KERNEL32.DLL+0x2e957]  (no source info available)
C  [ntdll.dll+0x427c]  (no source info available)

Lock stack of current Java thread (top to bottom):


---------------  P R O C E S S  ---------------

Threads class SMR info:
_java_thread_list=0x0000023d4606a900, length=13, elements={
0x0000023d5ccf68b0, 0x0000023d7cb408e0, 0x0000023d7cb41020, 0x0000023d7cb45780,
0x0000023d7cb46510, 0x0000023d7cb472c0, 0x0000023d7cb47df0, 0x0000023d7cb4cf00,
0x0000023d7cb59ff0, 0x0000023d45157200, 0x0000023d4515c580, 0x0000023d7cb5a780,
0x0000023d46170f90
}

Java Threads: ( => current thread )
  0x0000023d5ccf68b0 JavaThread "main"                              [_thread_in_Java, id=14908, stack(0x000000e1a0e00000,0x000000e1a0f00000) (1024K)]
  0x0000023d7cb408e0 JavaThread "Reference Handler"          daemon [_thread_blocked, id=18072, stack(0x000000e1a1600000,0x000000e1a1700000) (1024K)]
  0x0000023d7cb41020 JavaThread "Finalizer"                  daemon [_thread_blocked, id=30460, stack(0x000000e1a1700000,0x000000e1a1800000) (1024K)]
  0x0000023d7cb45780 JavaThread "Signal Dispatcher"          daemon [_thread_blocked, id=29572, stack(0x000000e1a1800000,0x000000e1a1900000) (1024K)]
  0x0000023d7cb46510 JavaThread "Attach Listener"            daemon [_thread_blocked, id=8728, stack(0x000000e1a1900000,0x000000e1a1a00000) (1024K)]
  0x0000023d7cb472c0 JavaThread "Service Thread"             daemon [_thread_blocked, id=31916, stack(0x000000e1a1a00000,0x000000e1a1b00000) (1024K)]
  0x0000023d7cb47df0 JavaThread "Monitor Deflation Thread"   daemon [_thread_blocked, id=31160, stack(0x000000e1a1b00000,0x000000e1a1c00000) (1024K)]
=>0x0000023d7cb4cf00 JavaThread "C2 CompilerThread0"         daemon [_thread_in_native, id=3336, stack(0x000000e1a1c00000,0x000000e1a1d00000) (1024K)]
  0x0000023d7cb59ff0 JavaThread "C1 CompilerThread0"         daemon [_thread_in_native, id=2156, stack(0x000000e1a1d00000,0x000000e1a1e00000) (1024K)]
  0x0000023d45157200 JavaThread "Notification Thread"        daemon [_thread_blocked, id=26384, stack(0x000000e1a1e00000,0x000000e1a1f00000) (1024K)]
  0x0000023d4515c580 JavaThread "Common-Cleaner"             daemon [_thread_blocked, id=14824, stack(0x000000e1a1f00000,0x000000e1a2000000) (1024K)]
  0x0000023d7cb5a780 JavaThread "C1 CompilerThread1"         daemon [_thread_in_native, id=36676, stack(0x000000e1a2000000,0x000000e1a2100000) (1024K)]
  0x0000023d46170f90 JavaThread "Thread-1"                   daemon [_thread_blocked, id=3888, stack(0x000000e1a2500000,0x000000e1a2600000) (1024K)]
Total: 13

Other Threads:
  0x0000023d7c9efd40 VMThread "VM Thread"                           [id=30664, stack(0x000000e1a1500000,0x000000e1a1600000) (1024K)]
  0x0000023d7cb1dc70 WatcherThread "VM Periodic Task Thread"        [id=33092, stack(0x000000e1a1400000,0x000000e1a1500000) (1024K)]
  0x0000023d5d286f60 WorkerThread "GC Thread#0"                     [id=28412, stack(0x000000e1a0f00000,0x000000e1a1000000) (1024K)]
  0x0000023d7c9ef990 WorkerThread "GC Thread#1"                     [id=34732, stack(0x000000e1a2100000,0x000000e1a2200000) (1024K)]
  0x0000023d45e4fa70 WorkerThread "GC Thread#2"                     [id=24932, stack(0x000000e1a2200000,0x000000e1a2300000) (1024K)]
  0x0000023d45e51090 WorkerThread "GC Thread#3"                     [id=22128, stack(0x000000e1a2300000,0x000000e1a2400000) (1024K)]
  0x0000023d45e4ebb0 WorkerThread "GC Thread#4"                     [id=37024, stack(0x000000e1a2400000,0x000000e1a2500000) (1024K)]
  0x0000023d5d29d970 ConcurrentGCThread "G1 Main Marker"            [id=27840, stack(0x000000e1a1000000,0x000000e1a1100000) (1024K)]
  0x0000023d5d29eb20 WorkerThread "G1 Conc#0"                       [id=29220, stack(0x000000e1a1100000,0x000000e1a1200000) (1024K)]
  0x0000023d7c9e4140 ConcurrentGCThread "G1 Refine#0"               [id=15604, stack(0x000000e1a1200000,0x000000e1a1300000) (1024K)]
  0x0000023d7c9e5a70 ConcurrentGCThread "G1 Service"                [id=12572, stack(0x000000e1a1300000,0x000000e1a1400000) (1024K)]
Total: 11

Threads with active compile tasks:
C2 CompilerThread0  3996 3104   !   4       java.net.URL::<init> (523 bytes)
C1 CompilerThread0  3996 3294       3       org.apache.maven.model.ConfigurationContainer::setLocation (156 bytes)
C1 CompilerThread1  3996 3286       3       org.eclipse.sisu.inject.LocatedBeans$Itr::<init> (57 bytes)
Total: 3

VM state: not at safepoint (normal execution)

VM Mutex/Monitor currently owned by a thread: None

Heap address: 0x0000000087800000, size: 1928 MB, Compressed Oops mode: 32-bit

CDS archive(s) mapped at: [0x0000023d00000000-0x0000023d00d40000-0x0000023d00d40000), size 13893632, SharedBaseAddress: 0x0000023d00000000, ArchiveRelocationMode: 1.
Compressed class space mapped at: 0x0000023d01000000-0x0000023d41000000, reserved size: 1073741824
UseCompressedClassPointers 1, UseCompactObjectHeaders 0
Narrow klass pointer bits 32, Max shift 3
Narrow klass base: 0x0000023d00000000, Narrow klass shift: 0
Encoding Range: [0x0000023d00000000 - 0x0000023e00000000), (4294967296 bytes)
Klass Range:    [0x0000023d00000000 - 0x0000023d41000000), (1090519040 bytes)
Klass ID Range:  [8 - 1090519033) (1090519025)

GC Precious Log:
 CardTable entry size: 512
 Card Set container configuration: InlinePtr #cards 5 size 8 Array Of Cards #cards 10 size 36 Howl #buckets 4 coarsen threshold 1843 Howl Bitmap #cards 512 size 80 coarsen threshold 460 Card regions per heap region 1 cards per card region 2048
 CPUs: 20 total, 20 available
 Memory: 7709M
 Large Page Support: Disabled
 NUMA Support: Disabled
 Compressed Oops: Enabled (32-bit)
 Heap Region Size: 1M
 Heap Min Capacity: 8M
 Heap Initial Capacity: 122M
 Heap Max Capacity: 1928M
 Pre-touch: Disabled
 Parallel Workers: 15
 Concurrent Workers: 4
 Concurrent Refinement Workers: 15
 Periodic GC: Disabled

Heap:
 garbage-first heap   total reserved 1974272K, committed 126976K, used 34388K [0x0000000087800000, 0x0000000100000000)
  region size 1024K, 34 young (34816K), 5 survivors (5120K)
 Metaspace       used 15085K, committed 15360K, reserved 1114112K
  class space    used 1490K, committed 1600K, reserved 1048576K

Heap Regions: E=young(eden), S=young(survivor), O=old, HS=humongous(starts), HC=humongous(continues), CS=collection set, F=free, TAMS=top-at-mark-start, PB=parsable bottom
|   0|0x0000000087800000, 0x0000000087800000, 0x0000000087900000|  0%| F|  |TAMS 0x0000000087800000| PB 0x0000000087800000| Untracked |  0
|   1|0x0000000087900000, 0x0000000087900000, 0x0000000087a00000|  0%| F|  |TAMS 0x0000000087900000| PB 0x0000000087900000| Untracked |  0
|   2|0x0000000087a00000, 0x0000000087a00000, 0x0000000087b00000|  0%| F|  |TAMS 0x0000000087a00000| PB 0x0000000087a00000| Untracked |  0
|   3|0x0000000087b00000, 0x0000000087b00000, 0x0000000087c00000|  0%| F|  |TAMS 0x0000000087b00000| PB 0x0000000087b00000| Untracked |  0
|   4|0x0000000087c00000, 0x0000000087c00000, 0x0000000087d00000|  0%| F|  |TAMS 0x0000000087c00000| PB 0x0000000087c00000| Untracked |  0
|   5|0x0000000087d00000, 0x0000000087d00000, 0x0000000087e00000|  0%| F|  |TAMS 0x0000000087d00000| PB 0x0000000087d00000| Untracked |  0
|   6|0x0000000087e00000, 0x0000000087e00000, 0x0000000087f00000|  0%| F|  |TAMS 0x0000000087e00000| PB 0x0000000087e00000| Untracked |  0
|   7|0x0000000087f00000, 0x0000000087f00000, 0x0000000088000000|  0%| F|  |TAMS 0x0000000087f00000| PB 0x0000000087f00000| Untracked |  0
|   8|0x0000000088000000, 0x0000000088000000, 0x0000000088100000|  0%| F|  |TAMS 0x0000000088000000| PB 0x0000000088000000| Untracked |  0
|   9|0x0000000088100000, 0x0000000088100000, 0x0000000088200000|  0%| F|  |TAMS 0x0000000088100000| PB 0x0000000088100000| Untracked |  0
|  10|0x0000000088200000, 0x0000000088200000, 0x0000000088300000|  0%| F|  |TAMS 0x0000000088200000| PB 0x0000000088200000| Untracked |  0
|  11|0x0000000088300000, 0x0000000088300000, 0x0000000088400000|  0%| F|  |TAMS 0x0000000088300000| PB 0x0000000088300000| Untracked |  0
|  12|0x0000000088400000, 0x0000000088400000, 0x0000000088500000|  0%| F|  |TAMS 0x0000000088400000| PB 0x0000000088400000| Untracked |  0
|  13|0x0000000088500000, 0x0000000088500000, 0x0000000088600000|  0%| F|  |TAMS 0x0000000088500000| PB 0x0000000088500000| Untracked |  0
|  14|0x0000000088600000, 0x0000000088600000, 0x0000000088700000|  0%| F|  |TAMS 0x0000000088600000| PB 0x0000000088600000| Untracked |  0
|  15|0x0000000088700000, 0x0000000088700000, 0x0000000088800000|  0%| F|  |TAMS 0x0000000088700000| PB 0x0000000088700000| Untracked |  0
|  16|0x0000000088800000, 0x0000000088800000, 0x0000000088900000|  0%| F|  |TAMS 0x0000000088800000| PB 0x0000000088800000| Untracked |  0
|  17|0x0000000088900000, 0x0000000088900000, 0x0000000088a00000|  0%| F|  |TAMS 0x0000000088900000| PB 0x0000000088900000| Untracked |  0
|  18|0x0000000088a00000, 0x0000000088a00000, 0x0000000088b00000|  0%| F|  |TAMS 0x0000000088a00000| PB 0x0000000088a00000| Untracked |  0
|  19|0x0000000088b00000, 0x0000000088b00000, 0x0000000088c00000|  0%| F|  |TAMS 0x0000000088b00000| PB 0x0000000088b00000| Untracked |  0
|  20|0x0000000088c00000, 0x0000000088c00000, 0x0000000088d00000|  0%| F|  |TAMS 0x0000000088c00000| PB 0x0000000088c00000| Untracked |  0
|  21|0x0000000088d00000, 0x0000000088d00000, 0x0000000088e00000|  0%| F|  |TAMS 0x0000000088d00000| PB 0x0000000088d00000| Untracked |  0
|  22|0x0000000088e00000, 0x0000000088e00000, 0x0000000088f00000|  0%| F|  |TAMS 0x0000000088e00000| PB 0x0000000088e00000| Untracked |  0
|  23|0x0000000088f00000, 0x0000000088f00000, 0x0000000089000000|  0%| F|  |TAMS 0x0000000088f00000| PB 0x0000000088f00000| Untracked |  0
|  24|0x0000000089000000, 0x0000000089000000, 0x0000000089100000|  0%| F|  |TAMS 0x0000000089000000| PB 0x0000000089000000| Untracked |  0
|  25|0x0000000089100000, 0x0000000089100000, 0x0000000089200000|  0%| F|  |TAMS 0x0000000089100000| PB 0x0000000089100000| Untracked |  0
|  26|0x0000000089200000, 0x0000000089200000, 0x0000000089300000|  0%| F|  |TAMS 0x0000000089200000| PB 0x0000000089200000| Untracked |  0
|  27|0x0000000089300000, 0x0000000089300000, 0x0000000089400000|  0%| F|  |TAMS 0x0000000089300000| PB 0x0000000089300000| Untracked |  0
|  28|0x0000000089400000, 0x0000000089400000, 0x0000000089500000|  0%| F|  |TAMS 0x0000000089400000| PB 0x0000000089400000| Untracked |  0
|  29|0x0000000089500000, 0x0000000089500000, 0x0000000089600000|  0%| F|  |TAMS 0x0000000089500000| PB 0x0000000089500000| Untracked |  0
|  30|0x0000000089600000, 0x0000000089600000, 0x0000000089700000|  0%| F|  |TAMS 0x0000000089600000| PB 0x0000000089600000| Untracked |  0
|  31|0x0000000089700000, 0x0000000089700000, 0x0000000089800000|  0%| F|  |TAMS 0x0000000089700000| PB 0x0000000089700000| Untracked |  0
|  32|0x0000000089800000, 0x0000000089800000, 0x0000000089900000|  0%| F|  |TAMS 0x0000000089800000| PB 0x0000000089800000| Untracked |  0
|  33|0x0000000089900000, 0x0000000089900000, 0x0000000089a00000|  0%| F|  |TAMS 0x0000000089900000| PB 0x0000000089900000| Untracked |  0
|  34|0x0000000089a00000, 0x0000000089a00000, 0x0000000089b00000|  0%| F|  |TAMS 0x0000000089a00000| PB 0x0000000089a00000| Untracked |  0
|  35|0x0000000089b00000, 0x0000000089b00000, 0x0000000089c00000|  0%| F|  |TAMS 0x0000000089b00000| PB 0x0000000089b00000| Untracked |  0
|  36|0x0000000089c00000, 0x0000000089c00000, 0x0000000089d00000|  0%| F|  |TAMS 0x0000000089c00000| PB 0x0000000089c00000| Untracked |  0
|  37|0x0000000089d00000, 0x0000000089d00000, 0x0000000089e00000|  0%| F|  |TAMS 0x0000000089d00000| PB 0x0000000089d00000| Untracked |  0
|  38|0x0000000089e00000, 0x0000000089e00000, 0x0000000089f00000|  0%| F|  |TAMS 0x0000000089e00000| PB 0x0000000089e00000| Untracked |  0
|  39|0x0000000089f00000, 0x0000000089f00000, 0x000000008a000000|  0%| F|  |TAMS 0x0000000089f00000| PB 0x0000000089f00000| Untracked |  0
|  40|0x000000008a000000, 0x000000008a000000, 0x000000008a100000|  0%| F|  |TAMS 0x000000008a000000| PB 0x000000008a000000| Untracked |  0
|  41|0x000000008a100000, 0x000000008a100000, 0x000000008a200000|  0%| F|  |TAMS 0x000000008a100000| PB 0x000000008a100000| Untracked |  0
|  42|0x000000008a200000, 0x000000008a200000, 0x000000008a300000|  0%| F|  |TAMS 0x000000008a200000| PB 0x000000008a200000| Untracked |  0
|  43|0x000000008a300000, 0x000000008a300000, 0x000000008a400000|  0%| F|  |TAMS 0x000000008a300000| PB 0x000000008a300000| Untracked |  0
|  44|0x000000008a400000, 0x000000008a400000, 0x000000008a500000|  0%| F|  |TAMS 0x000000008a400000| PB 0x000000008a400000| Untracked |  0
|  45|0x000000008a500000, 0x000000008a500000, 0x000000008a600000|  0%| F|  |TAMS 0x000000008a500000| PB 0x000000008a500000| Untracked |  0
|  46|0x000000008a600000, 0x000000008a600000, 0x000000008a700000|  0%| F|  |TAMS 0x000000008a600000| PB 0x000000008a600000| Untracked |  0
|  47|0x000000008a700000, 0x000000008a700000, 0x000000008a800000|  0%| F|  |TAMS 0x000000008a700000| PB 0x000000008a700000| Untracked |  0
|  48|0x000000008a800000, 0x000000008a800000, 0x000000008a900000|  0%| F|  |TAMS 0x000000008a800000| PB 0x000000008a800000| Untracked |  0
|  49|0x000000008a900000, 0x000000008a900000, 0x000000008aa00000|  0%| F|  |TAMS 0x000000008a900000| PB 0x000000008a900000| Untracked |  0
|  50|0x000000008aa00000, 0x000000008aa00000, 0x000000008ab00000|  0%| F|  |TAMS 0x000000008aa00000| PB 0x000000008aa00000| Untracked |  0
|  51|0x000000008ab00000, 0x000000008ab00000, 0x000000008ac00000|  0%| F|  |TAMS 0x000000008ab00000| PB 0x000000008ab00000| Untracked |  0
|  52|0x000000008ac00000, 0x000000008ac00000, 0x000000008ad00000|  0%| F|  |TAMS 0x000000008ac00000| PB 0x000000008ac00000| Untracked |  0
|  53|0x000000008ad00000, 0x000000008ad00000, 0x000000008ae00000|  0%| F|  |TAMS 0x000000008ad00000| PB 0x000000008ad00000| Untracked |  0
|  54|0x000000008ae00000, 0x000000008ae00000, 0x000000008af00000|  0%| F|  |TAMS 0x000000008ae00000| PB 0x000000008ae00000| Untracked |  0
|  55|0x000000008af00000, 0x000000008af00000, 0x000000008b000000|  0%| F|  |TAMS 0x000000008af00000| PB 0x000000008af00000| Untracked |  0
|  56|0x000000008b000000, 0x000000008b000000, 0x000000008b100000|  0%| F|  |TAMS 0x000000008b000000| PB 0x000000008b000000| Untracked |  0
|  57|0x000000008b100000, 0x000000008b100000, 0x000000008b200000|  0%| F|  |TAMS 0x000000008b100000| PB 0x000000008b100000| Untracked |  0
|  58|0x000000008b200000, 0x000000008b200000, 0x000000008b300000|  0%| F|  |TAMS 0x000000008b200000| PB 0x000000008b200000| Untracked |  0
|  59|0x000000008b300000, 0x000000008b300000, 0x000000008b400000|  0%| F|  |TAMS 0x000000008b300000| PB 0x000000008b300000| Untracked |  0
|  60|0x000000008b400000, 0x000000008b400000, 0x000000008b500000|  0%| F|  |TAMS 0x000000008b400000| PB 0x000000008b400000| Untracked |  0
|  61|0x000000008b500000, 0x000000008b500000, 0x000000008b600000|  0%| F|  |TAMS 0x000000008b500000| PB 0x000000008b500000| Untracked |  0
|  62|0x000000008b600000, 0x000000008b600000, 0x000000008b700000|  0%| F|  |TAMS 0x000000008b600000| PB 0x000000008b600000| Untracked |  0
|  63|0x000000008b700000, 0x000000008b700000, 0x000000008b800000|  0%| F|  |TAMS 0x000000008b700000| PB 0x000000008b700000| Untracked |  0
|  64|0x000000008b800000, 0x000000008b800000, 0x000000008b900000|  0%| F|  |TAMS 0x000000008b800000| PB 0x000000008b800000| Untracked |  0
|  65|0x000000008b900000, 0x000000008b900000, 0x000000008ba00000|  0%| F|  |TAMS 0x000000008b900000| PB 0x000000008b900000| Untracked |  0
|  66|0x000000008ba00000, 0x000000008ba00000, 0x000000008bb00000|  0%| F|  |TAMS 0x000000008ba00000| PB 0x000000008ba00000| Untracked |  0
|  67|0x000000008bb00000, 0x000000008bb00000, 0x000000008bc00000|  0%| F|  |TAMS 0x000000008bb00000| PB 0x000000008bb00000| Untracked |  0
|  68|0x000000008bc00000, 0x000000008bc00000, 0x000000008bd00000|  0%| F|  |TAMS 0x000000008bc00000| PB 0x000000008bc00000| Untracked |  0
|  69|0x000000008bd00000, 0x000000008bd00000, 0x000000008be00000|  0%| F|  |TAMS 0x000000008bd00000| PB 0x000000008bd00000| Untracked |  0
|  70|0x000000008be00000, 0x000000008be78000, 0x000000008bf00000| 46%| S|CS|TAMS 0x000000008be00000| PB 0x000000008be00000| Complete |  0
|  71|0x000000008bf00000, 0x000000008c000000, 0x000000008c000000|100%| S|CS|TAMS 0x000000008bf00000| PB 0x000000008bf00000| Complete |  0
|  72|0x000000008c000000, 0x000000008c100000, 0x000000008c100000|100%| S|CS|TAMS 0x000000008c000000| PB 0x000000008c000000| Complete |  0
|  73|0x000000008c100000, 0x000000008c200000, 0x000000008c200000|100%| S|CS|TAMS 0x000000008c100000| PB 0x000000008c100000| Complete |  0
|  74|0x000000008c200000, 0x000000008c300000, 0x000000008c300000|100%| S|CS|TAMS 0x000000008c200000| PB 0x000000008c200000| Complete |  0
|  75|0x000000008c300000, 0x000000008c300000, 0x000000008c400000|  0%| F|  |TAMS 0x000000008c300000| PB 0x000000008c300000| Untracked |  0
|  76|0x000000008c400000, 0x000000008c400000, 0x000000008c500000|  0%| F|  |TAMS 0x000000008c400000| PB 0x000000008c400000| Untracked |  0
|  77|0x000000008c500000, 0x000000008c500000, 0x000000008c600000|  0%| F|  |TAMS 0x000000008c500000| PB 0x000000008c500000| Untracked |  0
|  78|0x000000008c600000, 0x000000008c600000, 0x000000008c700000|  0%| F|  |TAMS 0x000000008c600000| PB 0x000000008c600000| Untracked |  0
|  79|0x000000008c700000, 0x000000008c700000, 0x000000008c800000|  0%| F|  |TAMS 0x000000008c700000| PB 0x000000008c700000| Untracked |  0
|  80|0x000000008c800000, 0x000000008c800000, 0x000000008c900000|  0%| F|  |TAMS 0x000000008c800000| PB 0x000000008c800000| Untracked |  0
|  81|0x000000008c900000, 0x000000008c900000, 0x000000008ca00000|  0%| F|  |TAMS 0x000000008c900000| PB 0x000000008c900000| Untracked |  0
|  82|0x000000008ca00000, 0x000000008ca00000, 0x000000008cb00000|  0%| F|  |TAMS 0x000000008ca00000| PB 0x000000008ca00000| Untracked |  0
|  83|0x000000008cb00000, 0x000000008cb00000, 0x000000008cc00000|  0%| F|  |TAMS 0x000000008cb00000| PB 0x000000008cb00000| Untracked |  0
|  84|0x000000008cc00000, 0x000000008cc00000, 0x000000008cd00000|  0%| F|  |TAMS 0x000000008cc00000| PB 0x000000008cc00000| Untracked |  0
|  85|0x000000008cd00000, 0x000000008cd00000, 0x000000008ce00000|  0%| F|  |TAMS 0x000000008cd00000| PB 0x000000008cd00000| Untracked |  0
|  86|0x000000008ce00000, 0x000000008ce00000, 0x000000008cf00000|  0%| F|  |TAMS 0x000000008ce00000| PB 0x000000008ce00000| Untracked |  0
|  87|0x000000008cf00000, 0x000000008cf00000, 0x000000008d000000|  0%| F|  |TAMS 0x000000008cf00000| PB 0x000000008cf00000| Untracked |  0
|  88|0x000000008d000000, 0x000000008d000000, 0x000000008d100000|  0%| F|  |TAMS 0x000000008d000000| PB 0x000000008d000000| Untracked |  0
|  89|0x000000008d100000, 0x000000008d100000, 0x000000008d200000|  0%| F|  |TAMS 0x000000008d100000| PB 0x000000008d100000| Untracked |  0
|  90|0x000000008d200000, 0x000000008d200000, 0x000000008d300000|  0%| F|  |TAMS 0x000000008d200000| PB 0x000000008d200000| Untracked |  0
|  91|0x000000008d300000, 0x000000008d300000, 0x000000008d400000|  0%| F|  |TAMS 0x000000008d300000| PB 0x000000008d300000| Untracked |  0
|  92|0x000000008d400000, 0x000000008d480000, 0x000000008d500000| 50%| E|  |TAMS 0x000000008d400000| PB 0x000000008d400000| Complete |  0
|  93|0x000000008d500000, 0x000000008d600000, 0x000000008d600000|100%| E|CS|TAMS 0x000000008d500000| PB 0x000000008d500000| Complete |  0
|  94|0x000000008d600000, 0x000000008d700000, 0x000000008d700000|100%| E|CS|TAMS 0x000000008d600000| PB 0x000000008d600000| Complete |  0
|  95|0x000000008d700000, 0x000000008d800000, 0x000000008d800000|100%| E|CS|TAMS 0x000000008d700000| PB 0x000000008d700000| Complete |  0
|  96|0x000000008d800000, 0x000000008d900000, 0x000000008d900000|100%| E|CS|TAMS 0x000000008d800000| PB 0x000000008d800000| Complete |  0
|  97|0x000000008d900000, 0x000000008da00000, 0x000000008da00000|100%| E|CS|TAMS 0x000000008d900000| PB 0x000000008d900000| Complete |  0
|  98|0x000000008da00000, 0x000000008db00000, 0x000000008db00000|100%| E|CS|TAMS 0x000000008da00000| PB 0x000000008da00000| Complete |  0
|  99|0x000000008db00000, 0x000000008dc00000, 0x000000008dc00000|100%| E|CS|TAMS 0x000000008db00000| PB 0x000000008db00000| Complete |  0
| 100|0x000000008dc00000, 0x000000008dd00000, 0x000000008dd00000|100%| E|CS|TAMS 0x000000008dc00000| PB 0x000000008dc00000| Complete |  0
| 101|0x000000008dd00000, 0x000000008de00000, 0x000000008de00000|100%| E|CS|TAMS 0x000000008dd00000| PB 0x000000008dd00000| Complete |  0
| 102|0x000000008de00000, 0x000000008df00000, 0x000000008df00000|100%| E|CS|TAMS 0x000000008de00000| PB 0x000000008de00000| Complete |  0
| 103|0x000000008df00000, 0x000000008e000000, 0x000000008e000000|100%| E|CS|TAMS 0x000000008df00000| PB 0x000000008df00000| Complete |  0
| 104|0x000000008e000000, 0x000000008e100000, 0x000000008e100000|100%| E|CS|TAMS 0x000000008e000000| PB 0x000000008e000000| Complete |  0
| 105|0x000000008e100000, 0x000000008e200000, 0x000000008e200000|100%| E|CS|TAMS 0x000000008e100000| PB 0x000000008e100000| Complete |  0
| 106|0x000000008e200000, 0x000000008e300000, 0x000000008e300000|100%| E|CS|TAMS 0x000000008e200000| PB 0x000000008e200000| Complete |  0
| 107|0x000000008e300000, 0x000000008e400000, 0x000000008e400000|100%| E|CS|TAMS 0x000000008e300000| PB 0x000000008e300000| Complete |  0
| 108|0x000000008e400000, 0x000000008e500000, 0x000000008e500000|100%| E|CS|TAMS 0x000000008e400000| PB 0x000000008e400000| Complete |  0
| 109|0x000000008e500000, 0x000000008e600000, 0x000000008e600000|100%| E|CS|TAMS 0x000000008e500000| PB 0x000000008e500000| Complete |  0
| 110|0x000000008e600000, 0x000000008e700000, 0x000000008e700000|100%| E|CS|TAMS 0x000000008e600000| PB 0x000000008e600000| Complete |  0
| 111|0x000000008e700000, 0x000000008e800000, 0x000000008e800000|100%| E|CS|TAMS 0x000000008e700000| PB 0x000000008e700000| Complete |  0
| 112|0x000000008e800000, 0x000000008e900000, 0x000000008e900000|100%| E|CS|TAMS 0x000000008e800000| PB 0x000000008e800000| Complete |  0
| 113|0x000000008e900000, 0x000000008ea00000, 0x000000008ea00000|100%| E|CS|TAMS 0x000000008e900000| PB 0x000000008e900000| Complete |  0
| 114|0x000000008ea00000, 0x000000008eb00000, 0x000000008eb00000|100%| E|CS|TAMS 0x000000008ea00000| PB 0x000000008ea00000| Complete |  0
| 115|0x000000008eb00000, 0x000000008ec00000, 0x000000008ec00000|100%| E|CS|TAMS 0x000000008eb00000| PB 0x000000008eb00000| Complete |  0
| 116|0x000000008ec00000, 0x000000008ed00000, 0x000000008ed00000|100%| E|CS|TAMS 0x000000008ec00000| PB 0x000000008ec00000| Complete |  0
| 117|0x000000008ed00000, 0x000000008ee00000, 0x000000008ee00000|100%| E|CS|TAMS 0x000000008ed00000| PB 0x000000008ed00000| Complete |  0
| 118|0x000000008ee00000, 0x000000008ef00000, 0x000000008ef00000|100%| E|CS|TAMS 0x000000008ee00000| PB 0x000000008ee00000| Complete |  0
| 119|0x000000008ef00000, 0x000000008f000000, 0x000000008f000000|100%| E|CS|TAMS 0x000000008ef00000| PB 0x000000008ef00000| Complete |  0
| 120|0x000000008f000000, 0x000000008f100000, 0x000000008f100000|100%| E|CS|TAMS 0x000000008f000000| PB 0x000000008f000000| Complete |  0
| 121|0x000000008f100000, 0x000000008f200000, 0x000000008f200000|100%| E|CS|TAMS 0x000000008f100000| PB 0x000000008f100000| Complete |  0
|1926|0x00000000ffe00000, 0x00000000fff00000, 0x00000000fff00000|100%| O|  |TAMS 0x00000000ffe00000| PB 0x00000000ffe00000| Untracked |  0
|1927|0x00000000fff00000, 0x00000000fff1d248, 0x0000000100000000| 11%| O|  |TAMS 0x00000000fff00000| PB 0x00000000fff00000| Untracked |  0

Card table byte_map: [0x0000023d77790000,0x0000023d77b60000] _byte_map_base: 0x0000023d77354000

Marking Bits: (CMBitMap*) 0x0000023d5d289580
 Bits: [0x0000023d77b60000, 0x0000023d79980000)

Polling page: 0x0000023d671a0000

Metaspace:

Usage:
  Non-class:     13.29 MB used.
      Class:      1.46 MB used.
       Both:     14.75 MB used.

Virtual space:
  Non-class space:       64.00 MB reserved,      13.44 MB ( 21%) committed,  1 nodes.
      Class space:        1.00 GB reserved,       1.56 MB ( <1%) committed,  1 nodes.
             Both:        1.06 GB reserved,      15.00 MB (  1%) committed. 

Chunk freelists:
   Non-Class:  2.31 MB
       Class:  14.39 MB
        Both:  16.70 MB

MaxMetaspaceSize: unlimited
CompressedClassSpaceSize: 1.00 GB
Initial GC threshold: 21.00 MB
Current GC threshold: 21.00 MB
CDS: on
 - commit_granule_bytes: 65536.
 - commit_granule_words: 8192.
 - virtual_space_node_default_size: 8388608.
 - enlarge_chunks_in_place: 1.
UseCompressedClassPointers 1, UseCompactObjectHeaders 0
Narrow klass pointer bits 32, Max shift 3
Narrow klass base: 0x0000023d00000000, Narrow klass shift: 0
Encoding Range: [0x0000023d00000000 - 0x0000023e00000000), (4294967296 bytes)
Klass Range:    [0x0000023d00000000 - 0x0000023d41000000), (1090519040 bytes)
Klass ID Range:  [8 - 1090519033) (1090519025)


Internal statistics:

num_allocs_failed_limit: 0.
num_arena_births: 184.
num_arena_deaths: 0.
num_vsnodes_births: 2.
num_vsnodes_deaths: 0.
num_space_committed: 240.
num_space_uncommitted: 0.
num_chunks_returned_to_freelist: 0.
num_chunks_taken_from_freelist: 662.
num_chunk_merges: 0.
num_chunk_splits: 466.
num_chunks_enlarged: 382.
num_inconsistent_stats: 0.

CodeHeap 'non-profiled nmethods': size=119232Kb used=879Kb max_used=879Kb free=118353Kb
 bounds [0x0000023d6ed50000, 0x0000023d6efc0000, 0x0000023d761c0000]
CodeHeap 'profiled nmethods': size=119104Kb used=5629Kb max_used=5629Kb free=113474Kb
 bounds [0x0000023d671c0000, 0x0000023d67740000, 0x0000023d6e610000]
CodeHeap 'non-nmethods': size=7424Kb used=1911Kb max_used=1923Kb free=5512Kb
 bounds [0x0000023d6e610000, 0x0000023d6e880000, 0x0000023d6ed50000]
CodeCache: size=245760Kb, used=8419Kb, max_used=8431Kb, free=237339Kb
 total_blobs=3808, nmethods=3298, adapters=412, full_count=0
Compilation: enabled, stopped_count=0, restarted_count=0

Compilation events (20 events):
Event: 2.779 Thread 0x0000023d7cb5a780 3147       3       java.lang.classfile.ClassHierarchyResolver$1Factory::get (5 bytes)
Event: 2.779 Thread 0x0000023d7cb59ff0 3148       3       java.lang.classfile.ClassHierarchyResolver$1Factory::get (8 bytes)
Event: 2.779 Thread 0x0000023d7cb59ff0 nmethod 3148 0x0000023d676ec188 code [0x0000023d676ec2c0, 0x0000023d676ec550]
Event: 2.779 Thread 0x0000023d7cb59ff0 3149       3       jdk.internal.classfile.impl.ClassHierarchyImpl$CachedClassHierarchyResolver::<init> (23 bytes)
Event: 2.779 Thread 0x0000023d7cb5a780 nmethod 3147 0x0000023d676ec588 code [0x0000023d676ec6c0, 0x0000023d676eca28]
Event: 2.779 Thread 0x0000023d7cb5a780 3150       3       jdk.internal.classfile.impl.ClassHierarchyImpl$CachedClassHierarchyResolver$1::<init> (10 bytes)
Event: 2.779 Thread 0x0000023d7cb59ff0 nmethod 3149 0x0000023d676eca88 code [0x0000023d676ecbc0, 0x0000023d676ecf50]
Event: 2.779 Thread 0x0000023d7cb5a780 nmethod 3150 0x0000023d676ecf88 code [0x0000023d676ed0a0, 0x0000023d676ed260]
Event: 2.780 Thread 0x0000023d7cb5a780 3152       3       jdk.internal.classfile.impl.StackMapGenerator::generate (107 bytes)
Event: 2.781 Thread 0x0000023d7cb5a780 nmethod 3152 0x0000023d676ed288 code [0x0000023d676ed420, 0x0000023d676edb28]
Event: 2.784 Thread 0x0000023d7cb5a780 3154       3       jdk.internal.classfile.impl.DirectCodeBuilder::return_ (12 bytes)
Event: 2.784 Thread 0x0000023d7cb5a780 nmethod 3154 0x0000023d676edb88 code [0x0000023d676edca0, 0x0000023d676ede78]
Event: 2.785 Thread 0x0000023d7cb5a780 3155       3       com.google.inject.internal.Scoping$4::acceptVisitor (10 bytes)
Event: 2.786 Thread 0x0000023d7cb59ff0 3156       3       java.util.regex.Pattern::next (33 bytes)
Event: 2.786 Thread 0x0000023d7cb5a780 nmethod 3155 0x0000023d676ede88 code [0x0000023d676edfa0, 0x0000023d676ee180]
Event: 2.786 Thread 0x0000023d7cb5a780 3157       3       com.google.common.collect.MapMakerInternalMap$Segment::postReadCleanup (18 bytes)
Event: 2.786 Thread 0x0000023d7cb59ff0 nmethod 3156 0x0000023d676ee208 code [0x0000023d676ee340, 0x0000023d676ee590]
Event: 2.786 Thread 0x0000023d7cb5a780 nmethod 3157 0x0000023d676ee608 code [0x0000023d676ee740, 0x0000023d676eead0]
Event: 2.790 Thread 0x0000023d7cb5a780 3158       3       java.net.URL::getDefaultPort (8 bytes)
Event: 2.790 Thread 0x0000023d7cb5a780 nmethod 3158 0x0000023d676eeb08 code [0x0000023d676eec20, 0x0000023d676eedf0]

GC Heap History (2 events):
Event: 1.796 GC heap before
{Heap before GC invocations=0 (full 0):
 garbage-first heap   total reserved 1974272K, committed 126976K, used 49268K [0x0000000087800000, 0x0000000100000000)
  region size 1024K, 47 young (48128K), 0 survivors (0K)
 Metaspace       used 9205K, committed 9472K, reserved 1114112K
  class space    used 825K, committed 960K, reserved 1048576K
}
Event: 1.814 GC heap after
{Heap after GC invocations=1 (full 0):
 garbage-first heap   total reserved 1974272K, committed 126976K, used 5716K [0x0000000087800000, 0x0000000100000000)
  region size 1024K, 5 young (5120K), 5 survivors (5120K)
 Metaspace       used 9205K, committed 9472K, reserved 1114112K
  class space    used 825K, committed 960K, reserved 1048576K
}

Dll operation events (8 events):
Event: 0.012 Loaded shared library C:\Program Files\Java\jdk-24\bin\java.dll
Event: 0.048 Loaded shared library C:\Program Files\Java\jdk-24\bin\jsvml.dll
Event: 0.062 Loaded shared library C:\Program Files\Java\jdk-24\bin\net.dll
Event: 0.067 Loaded shared library C:\Program Files\Java\jdk-24\bin\nio.dll
Event: 0.073 Loaded shared library C:\Program Files\Java\jdk-24\bin\zip.dll
Event: 0.424 Loaded shared library C:\Program Files\Java\jdk-24\bin\jimage.dll
Event: 0.429 Loaded shared library C:\Users\user\.m2\wrapper\dists\apache-maven-3.9.11\03d7e36a140982eea48e22c1dcac01d8862b2550b2939e09a0809bbc5182a5bc\lib\jansi-native\Windows\x86_64\jansi.dll
Event: 0.451 Loaded shared library C:\Program Files\Java\jdk-24\bin\verify.dll

Deoptimization events (20 events):
Event: 2.569 Thread 0x0000023d5ccf68b0 Uncommon trap: trap_request=0xffffff4d fr.pc=0x0000023d6ed97fb0 relative=0x0000000000000210
Event: 2.569 Thread 0x0000023d5ccf68b0 Uncommon trap: reason=unstable_if action=reinterpret pc=0x0000023d6ed97fb0 method=java.lang.String.startsWith(Ljava/lang/String;I)Z @ 1 c2
Event: 2.569 Thread 0x0000023d5ccf68b0 DEOPT PACKING pc=0x0000023d6ed97fb0 sp=0x000000e1a0ef8370
Event: 2.569 Thread 0x0000023d5ccf68b0 DEOPT UNPACKING pc=0x0000023d6e728202 sp=0x000000e1a0ef8300 mode 2
Event: 2.653 Thread 0x0000023d5ccf68b0 Uncommon trap: trap_request=0xffffff4d fr.pc=0x0000023d6ee21138 relative=0x0000000000000a98
Event: 2.653 Thread 0x0000023d5ccf68b0 Uncommon trap: reason=unstable_if action=reinterpret pc=0x0000023d6ee21138 method=org.eclipse.sisu.inject.InjectorBindings.isAssignableFrom(Lcom/google/inject/TypeLiteral;Lcom/google/inject/Binding;)Z @ 15 c2
Event: 2.653 Thread 0x0000023d5ccf68b0 DEOPT PACKING pc=0x0000023d6ee21138 sp=0x000000e1a0efddb0
Event: 2.653 Thread 0x0000023d5ccf68b0 DEOPT UNPACKING pc=0x0000023d6e728202 sp=0x000000e1a0efdd60 mode 2
Event: 2.671 Thread 0x0000023d5ccf68b0 Uncommon trap: trap_request=0xffffff4d fr.pc=0x0000023d6eda7ab0 relative=0x00000000000022f0
Event: 2.671 Thread 0x0000023d5ccf68b0 Uncommon trap: reason=unstable_if action=reinterpret pc=0x0000023d6eda7ab0 method=sun.nio.cs.StreamDecoder.implRead([CII)I @ 36 c2
Event: 2.671 Thread 0x0000023d5ccf68b0 DEOPT PACKING pc=0x0000023d6eda7ab0 sp=0x000000e1a0efe910
Event: 2.671 Thread 0x0000023d5ccf68b0 DEOPT UNPACKING pc=0x0000023d6e728202 sp=0x000000e1a0efe898 mode 2
Event: 2.672 Thread 0x0000023d5ccf68b0 Uncommon trap: trap_request=0x00000259 fr.pc=0x0000023d6ed7fe6c relative=0x00000000000000cc
Event: 2.672 Thread 0x0000023d5ccf68b0 Uncommon trap: reason=unloaded action=reinterpret pc=0x0000023d6ed7fe6c method=org.codehaus.plexus.util.xml.pull.MXParser.more()C @ 22 c2
Event: 2.672 Thread 0x0000023d5ccf68b0 DEOPT PACKING pc=0x0000023d6ed7fe6c sp=0x000000e1a0efec50
Event: 2.672 Thread 0x0000023d5ccf68b0 DEOPT UNPACKING pc=0x0000023d6e728202 sp=0x000000e1a0efebf0 mode 2
Event: 2.697 Thread 0x0000023d46170f90 DEOPT PACKING pc=0x0000023d6757226b sp=0x000000e1a25fee30
Event: 2.697 Thread 0x0000023d46170f90 DEOPT UNPACKING pc=0x0000023d6e665722 sp=0x000000e1a25fe288 mode 3
Event: 2.730 Thread 0x0000023d5ccf68b0 DEOPT PACKING pc=0x0000023d67417bf4 sp=0x000000e1a0efe9e0
Event: 2.730 Thread 0x0000023d5ccf68b0 DEOPT UNPACKING pc=0x0000023d6e665722 sp=0x000000e1a0efdea8 mode 0

Classes loaded (20 events):
Event: 2.696 Loading class java/util/concurrent/ForkJoinPool$ManagedBlocker done
Event: 2.697 Loading class java/util/concurrent/locks/AbstractQueuedSynchronizer$ConditionNode done
Event: 2.727 Loading class java/net/URL$ThreadTrackHolder
Event: 2.727 Loading class java/net/URL$ThreadTrackHolder done
Event: 2.727 Loading class jdk/internal/misc/ThreadTracker
Event: 2.728 Loading class jdk/internal/misc/ThreadTracker done
Event: 2.728 Loading class jdk/internal/misc/ThreadTracker$ThreadRef
Event: 2.728 Loading class jdk/internal/misc/ThreadTracker$ThreadRef done
Event: 2.728 Loading class java/net/spi/URLStreamHandlerProvider
Event: 2.729 Loading class java/net/spi/URLStreamHandlerProvider done
Event: 2.730 Loading class sun/net/www/protocol/https/Handler
Event: 2.730 Loading class sun/net/www/protocol/http/Handler
Event: 2.730 Loading class sun/net/www/protocol/http/Handler done
Event: 2.730 Loading class sun/net/www/protocol/https/Handler done
Event: 2.735 Loading class java/util/regex/Pattern$Pos
Event: 2.736 Loading class java/util/regex/Pattern$Pos done
Event: 2.739 Loading class java/util/ArrayList$SubList$1
Event: 2.740 Loading class java/util/ArrayList$SubList$1 done
Event: 2.744 Loading class java/util/concurrent/atomic/AtomicReference
Event: 2.745 Loading class java/util/concurrent/atomic/AtomicReference done

Classes unloaded (0 events):
No events

Classes redefined (0 events):
No events

Internal exceptions (20 events):
Event: 1.108 Thread 0x0000023d5ccf68b0 Exception <a 'java/lang/NoSuchMethodError'{0x000000008de11d68}: 'int java.lang.invoke.DirectMethodHandle$Holder.invokeStaticInit(java.lang.Object, java.lang.Object)'> (0x000000008de11d68) 
thrown [s\open\src\hotspot\share\interpreter\linkResolver.cpp, line 805]
Event: 1.117 Thread 0x0000023d5ccf68b0 Exception <a 'java/lang/NoClassDefFoundError'{0x000000008de4d0d0}: javax/enterprise/inject/Typed> (0x000000008de4d0d0) 
thrown [s\open\src\hotspot\share\classfile\systemDictionary.cpp, line 316]
Event: 2.105 Thread 0x0000023d5ccf68b0 Exception <a 'java/lang/NoSuchMethodError'{0x000000008ebafb40}: 'void java.lang.invoke.DirectMethodHandle$Holder.invokeStaticInit(java.lang.Object, java.lang.Object, java.lang.Object)'> (0x000000008ebafb40) 
thrown [s\open\src\hotspot\share\interpreter\linkResolver.cpp, line 805]
Event: 2.119 Thread 0x0000023d5ccf68b0 Exception <a 'java/lang/ExceptionInInitializerError'{0x000000008ea08ce8}> (0x000000008ea08ce8) 
thrown [s\open\src\hotspot\share\oops\instanceKlass.cpp, line 1328]
Event: 2.143 Thread 0x0000023d5ccf68b0 Exception <a 'java/lang/NoSuchMethodError'{0x000000008ea6d810}: 'java.lang.Object java.lang.invoke.DirectMethodHandle$Holder.invokeStatic(java.lang.Object, long)'> (0x000000008ea6d810) 
thrown [s\open\src\hotspot\share\interpreter\linkResolver.cpp, line 805]
Event: 2.144 Thread 0x0000023d5ccf68b0 Exception <a 'java/lang/NoSuchMethodError'{0x000000008ea7dc68}: 'long java.lang.invoke.DelegatingMethodHandle$Holder.reinvoke_L(java.lang.Object, java.lang.Object, java.lang.Object)'> (0x000000008ea7dc68) 
thrown [s\open\src\hotspot\share\interpreter\linkResolver.cpp, line 805]
Event: 2.163 Thread 0x0000023d5ccf68b0 Exception <a 'java/lang/NoSuchMethodError'{0x000000008e9008c8}: 'long java.lang.invoke.DelegatingMethodHandle$Holder.reinvoke_L(java.lang.Object, java.lang.Object, int)'> (0x000000008e9008c8) 
thrown [s\open\src\hotspot\share\interpreter\linkResolver.cpp, line 805]
Event: 2.167 Thread 0x0000023d5ccf68b0 Exception <a 'java/lang/NoSuchMethodError'{0x000000008e9181b8}: 'java.lang.Object java.lang.invoke.DirectMethodHandle$Holder.invokeStatic(java.lang.Object, java.lang.Object, java.lang.Object, java.lang.Object, int)'> (0x000000008e9181b8) 
thrown [s\open\src\hotspot\share\interpreter\linkResolver.cpp, line 805]
Event: 2.169 Thread 0x0000023d5ccf68b0 Exception <a 'java/lang/NoSuchMethodError'{0x000000008e9298c8}: 'java.lang.Object java.lang.invoke.DirectMethodHandle$Holder.invokeSpecial(java.lang.Object, java.lang.Object, java.lang.Object, java.lang.Object, long)'> (0x000000008e9298c8) 
thrown [s\open\src\hotspot\share\interpreter\linkResolver.cpp, line 805]
Event: 2.174 Thread 0x0000023d5ccf68b0 Exception <a 'java/lang/NoSuchMethodError'{0x000000008e97f800}: 'java.lang.Object java.lang.invoke.DirectMethodHandle$Holder.invokeStatic(java.lang.Object, java.lang.Object, java.lang.Object, java.lang.Object, java.lang.Object, java.lang.Object, java.lang.Object, java.lang.Object)'> (0x000000008e97f800) 
thrown [s\open\src\hotspot\share\interpreter\linkResolver.cpp, line 805]
Event: 2.175 Thread 0x0000023d5ccf68b0 Exception <a 'java/lang/NoSuchMethodError'{0x000000008e992a30}: 'java.lang.Object java.lang.invoke.Invokers$Holder.invokeExact_MT(java.lang.Object, java.lang.Object, java.lang.Object, java.lang.Object, java.lang.Object, java.lang.Object)'> (0x000000008e992a30) 
thrown [s\open\src\hotspot\share\interpreter\linkResolver.cpp, line 805]
Event: 2.177 Thread 0x0000023d5ccf68b0 Implicit null exception at 0x0000023d6edbea3d to 0x0000023d6edbebcc
Event: 2.179 Thread 0x0000023d5ccf68b0 Exception <a 'java/lang/NoSuchMethodError'{0x000000008e9ac2c8}: 'java.lang.Object java.lang.invoke.Invokers$Holder.invokeExact_MT(java.lang.Object, int, java.lang.Object)'> (0x000000008e9ac2c8) 
thrown [s\open\src\hotspot\share\interpreter\linkResolver.cpp, line 805]
Event: 2.439 Thread 0x0000023d5ccf68b0 Exception <a 'java/lang/NoSuchMethodError'{0x000000008e18a3c8}: 'void java.lang.invoke.Invokers$Holder.invokeExact_MT(java.lang.Object, java.lang.Object, java.lang.Object, java.lang.Object)'> (0x000000008e18a3c8) 
thrown [s\open\src\hotspot\share\interpreter\linkResolver.cpp, line 805]
Event: 2.464 Thread 0x0000023d5ccf68b0 Exception <a 'java/lang/NoClassDefFoundError'{0x000000008e02f420}: com/google/inject/servlet/ServletModuleTargetVisitor> (0x000000008e02f420) 
thrown [s\open\src\hotspot\share\classfile\systemDictionary.cpp, line 316]
Event: 2.539 Thread 0x0000023d5ccf68b0 Exception <a 'java/lang/NoSuchMethodError'{0x000000008dfecbb8}: 'void java.lang.invoke.DirectMethodHandle$Holder.invokeVirtual(java.lang.Object, java.lang.Object)'> (0x000000008dfecbb8) 
thrown [s\open\src\hotspot\share\interpreter\linkResolver.cpp, line 805]
Event: 2.612 Thread 0x0000023d5ccf68b0 Exception <a 'java/lang/NoSuchMethodError'{0x000000008de8afd8}: 'java.lang.Object java.lang.invoke.DirectMethodHandle$Holder.invokeStaticInit(java.lang.Object, int, int, int, int)'> (0x000000008de8afd8) 
thrown [s\open\src\hotspot\share\interpreter\linkResolver.cpp, line 805]
Event: 2.777 Thread 0x0000023d5ccf68b0 Exception <a 'java/lang/NoSuchMethodError'{0x000000008d941a68}: 'void java.lang.invoke.DirectMethodHandle$Holder.invokeSpecial(java.lang.Object, java.lang.Object, java.lang.Object, java.lang.Object, java.lang.Object)'> (0x000000008d941a68) 
thrown [s\open\src\hotspot\share\interpreter\linkResolver.cpp, line 805]
Event: 2.782 Thread 0x0000023d5ccf68b0 Exception <a 'java/lang/NoSuchMethodError'{0x000000008d9780c8}: 'java.lang.Object java.lang.invoke.DirectMethodHandle$Holder.invokeVirtual(java.lang.Object, java.lang.Object, java.lang.Object)'> (0x000000008d9780c8) 
thrown [s\open\src\hotspot\share\interpreter\linkResolver.cpp, line 805]
Event: 2.784 Thread 0x0000023d5ccf68b0 Exception <a 'java/lang/NoSuchMethodError'{0x000000008d99e8a8}: 'void java.lang.invoke.DirectMethodHandle$Holder.invokeSpecial(java.lang.Object, java.lang.Object, java.lang.Object, java.lang.Object, java.lang.Object, java.lang.Object)'> (0x000000008d99e8a8) 
thrown [s\open\src\hotspot\share\interpreter\linkResolver.cpp, line 805]

VM Operations (20 events):
Event: 2.226 Executing VM operation: HandshakeAllThreads (Deoptimize)
Event: 2.226 Executing VM operation: HandshakeAllThreads (Deoptimize) done
Event: 2.227 Executing VM operation: HandshakeAllThreads (Deoptimize)
Event: 2.227 Executing VM operation: HandshakeAllThreads (Deoptimize) done
Event: 2.284 Executing VM operation: HandshakeAllThreads (Deoptimize)
Event: 2.284 Executing VM operation: HandshakeAllThreads (Deoptimize) done
Event: 2.428 Executing VM operation: HandshakeAllThreads (Deoptimize)
Event: 2.428 Executing VM operation: HandshakeAllThreads (Deoptimize) done
Event: 2.553 Executing VM operation: HandshakeAllThreads (Deoptimize)
Event: 2.554 Executing VM operation: HandshakeAllThreads (Deoptimize) done
Event: 2.629 Executing VM operation: HandshakeAllThreads (Deoptimize)
Event: 2.629 Executing VM operation: HandshakeAllThreads (Deoptimize) done
Event: 2.673 Executing VM operation: HandshakeAllThreads (Deoptimize)
Event: 2.673 Executing VM operation: HandshakeAllThreads (Deoptimize) done
Event: 2.698 Executing VM operation: HandshakeAllThreads (Deoptimize)
Event: 2.698 Executing VM operation: HandshakeAllThreads (Deoptimize) done
Event: 2.729 Executing VM operation: HandshakeAllThreads (Deoptimize)
Event: 2.729 Executing VM operation: HandshakeAllThreads (Deoptimize) done
Event: 2.731 Executing VM operation: HandshakeAllThreads (Deoptimize)
Event: 2.731 Executing VM operation: HandshakeAllThreads (Deoptimize) done

Memory protections (0 events):
No events

Nmethod flushes (0 events):
No events

Events (15 events):
Event: 0.032 Thread 0x0000023d5ccf68b0 Thread added: 0x0000023d5ccf68b0
Event: 0.045 Thread 0x0000023d5ccf68b0 Thread added: 0x0000023d7cb408e0
Event: 0.045 Thread 0x0000023d5ccf68b0 Thread added: 0x0000023d7cb41020
Event: 0.045 Thread 0x0000023d5ccf68b0 Thread added: 0x0000023d7cb45780
Event: 0.045 Thread 0x0000023d5ccf68b0 Thread added: 0x0000023d7cb46510
Event: 0.045 Thread 0x0000023d5ccf68b0 Thread added: 0x0000023d7cb472c0
Event: 0.045 Thread 0x0000023d5ccf68b0 Thread added: 0x0000023d7cb47df0
Event: 0.045 Thread 0x0000023d5ccf68b0 Thread added: 0x0000023d7cb4cf00
Event: 0.045 Thread 0x0000023d5ccf68b0 Thread added: 0x0000023d7cb59ff0
Event: 0.056 Thread 0x0000023d5ccf68b0 Thread added: 0x0000023d45157200
Event: 0.058 Thread 0x0000023d5ccf68b0 Thread added: 0x0000023d4515c580
Event: 0.421 Thread 0x0000023d5ccf68b0 Thread added: 0x0000023d455b18f0
Event: 0.979 Thread 0x0000023d455b18f0 Thread exited: 0x0000023d455b18f0
Event: 1.226 Thread 0x0000023d7cb59ff0 Thread added: 0x0000023d7cb5a780
Event: 2.695 Thread 0x0000023d5ccf68b0 Thread added: 0x0000023d46170f90


Dynamic libraries:
0x00007ff72d590000 - 0x00007ff72d5a0000 	C:\Program Files\Java\jdk-24\bin\java.exe
0x00007ff816060000 - 0x00007ff8162c7000 	C:\WINDOWS\SYSTEM32\ntdll.dll
0x00007ff813e40000 - 0x00007ff813f09000 	C:\WINDOWS\System32\KERNEL32.DLL
0x00007ff813140000 - 0x00007ff813537000 	C:\WINDOWS\System32\KERNELBASE.dll
0x00007ff812f40000 - 0x00007ff81308b000 	C:\WINDOWS\System32\ucrtbase.dll
0x00007fffff8e0000 - 0x00007fffff8fb000 	C:\Program Files\Java\jdk-24\bin\VCRUNTIME140.dll
0x00007fffe30c0000 - 0x00007fffe30d6000 	C:\Program Files\Java\jdk-24\bin\jli.dll
0x00007ff815bd0000 - 0x00007ff815d96000 	C:\WINDOWS\System32\USER32.dll
0x00007ff813540000 - 0x00007ff813567000 	C:\WINDOWS\System32\win32u.dll
0x00007ffff7c20000 - 0x00007ffff7eb2000 	C:\WINDOWS\WinSxS\amd64_microsoft.windows.common-controls_6595b64144ccf1df_6.0.26100.8457_none_3e0b2faee331e92d\COMCTL32.dll
0x00007ff814c30000 - 0x00007ff814c5b000 	C:\WINDOWS\System32\GDI32.dll
0x00007ff812e10000 - 0x00007ff812f3c000 	C:\WINDOWS\System32\gdi32full.dll
0x00007ff8156a0000 - 0x00007ff815749000 	C:\WINDOWS\System32\msvcrt.dll
0x00007ff812a90000 - 0x00007ff812b33000 	C:\WINDOWS\System32\msvcp_win.dll
0x00007ff8153c0000 - 0x00007ff8153f2000 	C:\WINDOWS\System32\IMM32.DLL
0x00007fffffd50000 - 0x00007fffffd5c000 	C:\Program Files\Java\jdk-24\bin\vcruntime140_1.dll
0x00007fff97d60000 - 0x00007fff97dee000 	C:\Program Files\Java\jdk-24\bin\msvcp140.dll
0x00007fff4e9f0000 - 0x00007fff4f791000 	C:\Program Files\Java\jdk-24\bin\server\jvm.dll
0x00007ff813f10000 - 0x00007ff813fc6000 	C:\WINDOWS\System32\ADVAPI32.dll
0x00007ff815750000 - 0x00007ff8157f7000 	C:\WINDOWS\System32\sechost.dll
0x00007ff815da0000 - 0x00007ff815eb8000 	C:\WINDOWS\System32\RPCRT4.dll
0x00007ff814ba0000 - 0x00007ff814c20000 	C:\WINDOWS\System32\WS2_32.dll
0x00007ff8128f0000 - 0x00007ff81294e000 	C:\WINDOWS\SYSTEM32\POWRPROF.dll
0x00007ff8109a0000 - 0x00007ff8109d6000 	C:\WINDOWS\SYSTEM32\WINMM.dll
0x00007ff8087d0000 - 0x00007ff8087db000 	C:\WINDOWS\SYSTEM32\VERSION.dll
0x00007ff8128d0000 - 0x00007ff8128e4000 	C:\WINDOWS\SYSTEM32\UMPDC.dll
0x00007ff811820000 - 0x00007ff81183b000 	C:\WINDOWS\SYSTEM32\kernel.appcore.dll
0x00007ffff78e0000 - 0x00007ffff78ea000 	C:\Program Files\Java\jdk-24\bin\jimage.dll
0x00007ff8106e0000 - 0x00007ff810922000 	C:\WINDOWS\SYSTEM32\DBGHELP.DLL
0x00007ff814810000 - 0x00007ff814b93000 	C:\WINDOWS\System32\combase.dll
0x00007ff815800000 - 0x00007ff8158d9000 	C:\WINDOWS\System32\OLEAUT32.dll
0x00007ff810930000 - 0x00007ff81096b000 	C:\WINDOWS\SYSTEM32\dbgcore.DLL
0x00007ff813090000 - 0x00007ff813138000 	C:\WINDOWS\System32\bcryptPrimitives.dll
0x00007fffe30a0000 - 0x00007fffe30be000 	C:\Program Files\Java\jdk-24\bin\java.dll
0x00007ff815900000 - 0x00007ff815a97000 	C:\WINDOWS\System32\ole32.dll
0x00007ff814090000 - 0x00007ff8147fe000 	C:\WINDOWS\System32\SHELL32.dll
0x00007ff813570000 - 0x00007ff813ddc000 	C:\WINDOWS\System32\windows.storage.dll
0x00007ff815170000 - 0x00007ff815266000 	C:\WINDOWS\System32\SHCORE.dll
0x00007ff813fd0000 - 0x00007ff814036000 	C:\WINDOWS\System32\shlwapi.dll
0x00007ff8129b0000 - 0x00007ff8129d9000 	C:\WINDOWS\SYSTEM32\profapi.dll
0x00007fff97ae0000 - 0x00007fff97bb7000 	C:\Program Files\Java\jdk-24\bin\jsvml.dll
0x00007ffff76e0000 - 0x00007ffff76f0000 	C:\Program Files\Java\jdk-24\bin\net.dll
0x00007ff811d90000 - 0x00007ff811dfc000 	C:\WINDOWS\system32\mswsock.dll
0x00007fffe2890000 - 0x00007fffe28a6000 	C:\Program Files\Java\jdk-24\bin\nio.dll
0x00007fffe1c60000 - 0x00007fffe1c77000 	C:\Program Files\Java\jdk-24\bin\zip.dll
0x00007fffdca40000 - 0x00007fffdca64000 	C:\Users\user\.m2\wrapper\dists\apache-maven-3.9.11\03d7e36a140982eea48e22c1dcac01d8862b2550b2939e09a0809bbc5182a5bc\lib\jansi-native\Windows\x86_64\jansi.dll
0x00007ffff7490000 - 0x00007ffff74a0000 	C:\Program Files\Java\jdk-24\bin\verify.dll

JVMTI agents: none

dbghelp: loaded successfully - version: 4.0.5 - missing functions: none
symbol engine: initialized successfully - sym options: 0x614 - pdb path: .;C:\Program Files\Java\jdk-24\bin;C:\WINDOWS\SYSTEM32;C:\WINDOWS\WinSxS\amd64_microsoft.windows.common-controls_6595b64144ccf1df_6.0.26100.8457_none_3e0b2faee331e92d;C:\Program Files\Java\jdk-24\bin\server;C:\Users\user\.m2\wrapper\dists\apache-maven-3.9.11\03d7e36a140982eea48e22c1dcac01d8862b2550b2939e09a0809bbc5182a5bc\lib\jansi-native\Windows\x86_64

VM Arguments:
jvm_args: --enable-native-access=ALL-UNNAMED -Dclassworlds.conf=C:\Users\user\.m2\wrapper\dists\apache-maven-3.9.11\03d7e36a140982eea48e22c1dcac01d8862b2550b2939e09a0809bbc5182a5bc\bin\m2.conf -Dmaven.home=C:\Users\user\.m2\wrapper\dists\apache-maven-3.9.11\03d7e36a140982eea48e22c1dcac01d8862b2550b2939e09a0809bbc5182a5bc -Dlibrary.jansi.path=C:\Users\user\.m2\wrapper\dists\apache-maven-3.9.11\03d7e36a140982eea48e22c1dcac01d8862b2550b2939e09a0809bbc5182a5bc\lib\jansi-native -Dmaven.multiModuleProjectDirectory=C:\Users\user\Documents\BookingApp 
java_command: org.codehaus.plexus.classworlds.launcher.Launcher spring-boot:run
java_class_path (initial): C:\Users\user\.m2\wrapper\dists\apache-maven-3.9.11\03d7e36a140982eea48e22c1dcac01d8862b2550b2939e09a0809bbc5182a5bc\boot\plexus-classworlds-2.9.0.jar
Launcher Type: SUN_STANDARD

[Global flags]
     intx CICompilerCount                          = 12                                        {product} {ergonomic}
     uint ConcGCThreads                            = 4                                         {product} {ergonomic}
     uint G1ConcRefinementThreads                  = 15                                        {product} {ergonomic}
   size_t G1HeapRegionSize                         = 1048576                                   {product} {ergonomic}
   size_t InitialHeapSize                          = 127926272                                 {product} {ergonomic}
   size_t MarkStackSize                            = 4194304                                   {product} {ergonomic}
   size_t MarkStackSizeMax                         = 536870912                                 {product} {ergonomic}
   size_t MaxHeapSize                              = 2021654528                                {product} {ergonomic}
   size_t MaxNewSize                               = 1212153856                                {product} {ergonomic}
   size_t MinHeapDeltaBytes                        = 1048576                                   {product} {ergonomic}
   size_t MinHeapSize                              = 8388608                                   {product} {ergonomic}
    uintx NonNMethodCodeHeapSize                   = 7602176                                {pd product} {ergonomic}
    uintx NonProfiledCodeHeapSize                  = 122093568                              {pd product} {ergonomic}
    uintx ProfiledCodeHeapSize                     = 121962496                              {pd product} {ergonomic}
    uintx ReservedCodeCacheSize                    = 251658240                              {pd product} {ergonomic}
     bool SegmentedCodeCache                       = true                                      {product} {ergonomic}
   size_t SoftMaxHeapSize                          = 2021654528                             {manageable} {ergonomic}
     bool UseCompressedOops                        = true                           {product lp64_product} {ergonomic}
     bool UseG1GC                                  = true                                      {product} {ergonomic}
     bool UseLargePagesIndividualAllocation        = false                                  {pd product} {ergonomic}

Logging:
Log output configuration:
 #0: stdout all=warning uptime,level,tags foldmultilines=false
 #1: stderr all=off uptime,level,tags foldmultilines=false

Environment Variables:
PATH=C:\Users\user\AppData\Local\Programs\Windsurf;C:\Program Files\Common Files\Oracle\Java\javapath;C:\WINDOWS\system32;C:\WINDOWS;C:\WINDOWS\System32\Wbem;C:\WINDOWS\System32\WindowsPowerShell\v1.0\;C:\WINDOWS\System32\OpenSSH\;C:\Users\user\Documents\xampp\mysql\bin;C:\Program Files\Git\cmd;C:\Program Files\Microsoft SQL Server\150\Tools\Binn\;C:\Program Files\Microsoft SQL Server\Client SDK\ODBC\170\Tools\Binn\;C:\Program Files\dotnet\;C:\Program Files (x86)\Windows Kits\10\Windows Performance Toolkit\;C:\Program Files\PuTTY\;C:\Program Files\Java\jdk-24\bin;C:\ Program Files\Git\cmd;C:\Program Files\Git\bin;C:\Program Files\nodejs\;C:\Program Files\apache-maven-3.9.16\bin;C:\Program Files\MySQL\MySQL Shell 8.0\bin\;C:\Users\user\AppData\Local\Microsoft\WindowsApps;C:\Users\user\AppData\Local\Programs\Microsoft VS Code\bin;C:\Users\user\AppData\Local\GitHubDesktop\bin;C:\Users\user\Documents\xampp\mysql\bin;C:\Users\user\Documents\xampp\php;C:\Users\user\AppData\Local\ComposerSetup\bin;C:\Users\user\AppData\Roaming\Composer\vendor\bin;C:\ProgramData\ComposerSetup\bin;C:\Users\user\.dotnet\tools;C:\Program Files\JetBrains\IntelliJ IDEA 2025.2.2\bin;C:\Users\user\AppData\Local\Programs\Windsurf\bin;C:\flutter\bin;C:\Program Files (x86)\EShare\;C:\Users\user\AppData\Local\Packages\PythonSoftwareFoundation.Python.3.11_qbz5n2kfra8p0\LocalCache\local-packages\Python311\Scripts;C:\Program Files\PostgreSQL\17\bin;C:\Users\user\AppData\Roaming\npm
USERNAME=user
LANG=en_US.UTF-8
OS=Windows_NT
PROCESSOR_IDENTIFIER=Intel64 Family 6 Model 186 Stepping 2, GenuineIntel
TMP=C:\Users\user\AppData\Local\Temp
TEMP=C:\Users\user\AppData\Local\Temp




Periodic native trim disabled

---------------  S Y S T E M  ---------------

OS:
 Windows 11 , 64 bit Build 26100 (10.0.26100.8328)
OS uptime: 0 days 9:28 hours

CPU: total 20 (initial active 20) (10 cores per cpu, 2 threads per core) family 6 model 186 stepping 2 microcode 0x5102, cx8, cmov, fxsr, ht, mmx, 3dnowpref, sse, sse2, sse3, ssse3, sse4.1, sse4.2, popcnt, lzcnt, tsc, tscinvbit, avx, avx2, aes, erms, clmul, bmi1, bmi2, adx, sha, fma, vzeroupper, clflush, clflushopt, clwb, serialize, rdtscp, rdpid, fsrm, gfni, f16c, pku, cet_ibt, cet_ss
Processor Information for the first 20 processors :
  Max Mhz: 2400, Current Mhz: 2400, Mhz Limit: 2400

Memory: 4k page, system-wide physical 7709M (17M free)
TotalPageFile size 31261M (AvailPageFile size 3M)
current process WorkingSet (physical memory assigned to process): 131M, peak: 131M
current process commit charge ("private bytes"): 256M, peak: 263M

vm_info: Java HotSpot(TM) 64-Bit Server VM (24.0.2+12-54) for windows-amd64 JRE (24.0.2+12-54), built on 2025-07-08T12:10:27Z with MS VC++ 17.6 (VS2022)

END.
